<?xml version="1.0" encoding="UTF-8"?>
<!-- Generated by org.testng.reporters.JUnitReportReporter -->
<testsuite hostname="Sally-Alfred" failures="0" tests="24" name="testrunner.TestRunner" time="241.440" errors="0" timestamp="2024-10-17T12:07:20 EET" skipped="0">
  <testcase classname="testrunner.TestRunner" name="runScenario" time="12.585"/>
  <testcase classname="testrunner.TestRunner" name="runScenario" time="8.069"/>
  <testcase classname="testrunner.TestRunner" name="runScenario" time="13.688"/>
  <testcase classname="testrunner.TestRunner" name="runScenario" time="8.901"/>
  <testcase classname="testrunner.TestRunner" name="runScenario" time="8.747"/>
  <testcase classname="testrunner.TestRunner" name="runScenario" time="7.509"/>
  <testcase classname="testrunner.TestRunner" name="runScenario" time="8.231"/>
  <testcase classname="testrunner.TestRunner" name="runScenario" time="12.535"/>
  <testcase classname="testrunner.TestRunner" name="runScenario" time="12.513"/>
  <testcase classname="testrunner.TestRunner" name="runScenario" time="14.066"/>
  <testcase classname="testrunner.TestRunner" name="runScenario" time="8.332"/>
  <testcase classname="testrunner.TestRunner" name="runScenario" time="8.887"/>
  <testcase classname="testrunner.TestRunner" name="runScenario" time="9.417"/>
  <testcase classname="testrunner.TestRunner" name="runScenario" time="8.228"/>
  <testcase classname="testrunner.TestRunner" name="runScenario" time="13.292"/>
  <testcase classname="testrunner.TestRunner" name="runScenario" time="8.818"/>
  <testcase classname="testrunner.TestRunner" name="runScenario" time="8.144"/>
  <testcase classname="testrunner.TestRunner" name="runScenario" time="9.725"/>
  <testcase classname="testrunner.TestRunner" name="runScenario" time="7.800"/>
  <testcase classname="testrunner.TestRunner" name="runScenario" time="15.002"/>
  <testcase classname="testrunner.TestRunner" name="runScenario" time="8.080"/>
  <testcase classname="testrunner.TestRunner" name="runScenario" time="8.500"/>
  <testcase classname="testrunner.TestRunner" name="runScenario" time="8.008"/>
  <testcase classname="testrunner.TestRunner" name="runScenario" time="12.363"/>
</testsuite> <!-- testrunner.TestRunner -->
